<?xml version="1.0" encoding="UTF-8"?>
<robot generator="Robot 4.0.1 (Python 3.9.2 on darwin)" generated="20210415 07:59:44.681" rpa="false" schemaversion="2">
<suite id="s1" name="Test" source="/Users/elabit/Documents/02_Projekte/00_elabit/robotframework-robotmk/test/test.robot">
<test id="s1-t1" name="Test One">
<kw name="Add Robotmk Message">
<arg>WARNING</arg>
<arg>This is a warning text</arg>
<msg timestamp="20210415 07:59:44.755" level="FAIL">No keyword with name 'Add Robotmk Message' found.</msg>
<status status="FAIL" starttime="20210415 07:59:44.755" endtime="20210415 07:59:44.755"/>
</kw>
<kw name="Add Checkmk Test State" library="robotmk">
<arg>CRITICAL</arg>
<arg>The test should be Critical.</arg>
<doc>Adds a(nother) Nagios state to the Robotmk evaluation stack. </doc>
<status status="NOT RUN" starttime="20210415 07:59:44.756" endtime="20210415 07:59:44.756"/>
</kw>
<status status="FAIL" starttime="20210415 07:59:44.752" endtime="20210415 07:59:44.756">No keyword with name 'Add Robotmk Message' found.</status>
</test>
<status status="FAIL" starttime="20210415 07:59:44.685" endtime="20210415 07:59:44.757"/>
</suite>
<statistics>
<total>
<stat pass="0" fail="1" skip="0">All Tests</stat>
</total>
<tag>
</tag>
<suite>
<stat pass="0" fail="1" skip="0" id="s1" name="Test">Test</stat>
</suite>
</statistics>
<errors>
</errors>
</robot>
